<?xml version="1.0" encoding="UTF-8" ?>
<testsuite tests="12" failures="0" name="cucumber.Options.TestRunner" time="0.009" errors="0" skipped="0">
  <properties>
[...]
</properties>
  <testcase classname="| AAHouse | Hindi | World Cross Center |" name="Given Add Place Payload with &quot;AAHouse&quot; &quot;Hindi&quot; &quot;World Cross Center&quot;" time="0.004"/>
  <testcase classname="| AAHouse | Hindi | World Cross Center |" name="When user calls &quot;addPlaceAPI&quot; with &quot;Post&quot; http request" time="0"/>
  <testcase classname="| AAHouse | Hindi | World Cross Center |" name="Then the API call got success with status code 200" time="0"/>
  <testcase classname="| AAHouse | Hindi | World Cross Center |" name="And &quot;status&quot; in response body is &quot;OK&quot;" time="0"/>
  <testcase classname="| AAHouse | Hindi | World Cross Center |" name="And &quot;scope&quot; in response body is &quot;APP&quot;" time="0.001"/>
  <testcase classname="| AAHouse | Hindi | World Cross Center |" name="And verify place_id created maps to &quot;AAHouse&quot; using &quot;getPlaceAPI&quot;" time="0"/>
  <testcase classname="| AAHouse | Hindi | World Cross Center |" name="| AAHouse | Hindi | World Cross Center |" time="0.002"/>
  <testcase classname="Scenario: Verify if Delete Place functionality is working" name="Given DeletePlace Payload" time="0"/>
  <testcase classname="Scenario: Verify if Delete Place functionality is working" name="When user calls &quot;deletePlaceAPI&quot; with &quot;Post&quot; http request" time="0"/>
  <testcase classname="Scenario: Verify if Delete Place functionality is working" name="Then the API call got success with status code 200" time="0"/>
  <testcase classname="Scenario: Verify if Delete Place functionality is working" name="And &quot;status&quot; in response body is &quot;OK&quot;" time="0"/>
  <testcase classname="Scenario: Verify if Delete Place functionality is working" name="Scenario: Verify if Delete Place functionality is working" time="0.002"/>
</testsuite>